<?xml version="1.0" encoding="UTF-8"?>
<!-- Generated by org.testng.reporters.JUnitReportReporter -->
<testsuite hostname="TYSS-Shobha" failures="0" tests="1" name="PopUps.FileUpload_PopUp" time="8.366" errors="0" timestamp="2023-11-25T07:42:15 IST" skipped="0">
  <testcase classname="PopUps.FileUpload_PopUp" name="fileUpload_PopUp" time="8.366"/>
</testsuite> <!-- PopUps.FileUpload_PopUp -->
