<?xml version="1.0" encoding="UTF-8"?>
<!-- Generated by org.testng.reporters.JUnitReportReporter -->
<testsuite hostname="TYSS-Shobha" failures="0" tests="1" name="PopUps.BrowserNativePopUp" time="3.933" errors="0" timestamp="2023-11-25T07:41:10 IST" skipped="0">
  <testcase classname="PopUps.BrowserNativePopUp" name="browserNativePopUp" time="3.933"/>
</testsuite> <!-- PopUps.BrowserNativePopUp -->
