<?xml version="1.0" encoding="UTF-8"?>
<!-- Generated by org.testng.reporters.JUnitReportReporter -->
<testsuite hostname="TYSS-Shobha" failures="0" tests="1" name="PopUps.Authentication_PopUp" time="6.004" errors="0" timestamp="2023-11-25T07:42:15 IST" skipped="0">
  <testcase classname="PopUps.Authentication_PopUp" name="authentication_PopUp" time="6.004"/>
</testsuite> <!-- PopUps.Authentication_PopUp -->
