<?xml version="1.0" encoding="UTF-8"?>
<!-- Generated by org.testng.reporters.JUnitReportReporter -->
<testsuite hostname="TYSS-Shobha" failures="0" tests="1" name="pratice.AmazonCssSelector" time="10.117" errors="0" timestamp="2023-11-23T08:10:01 IST" skipped="0">
  <testcase classname="pratice.AmazonCssSelector" name="amazonCssSelector" time="10.117"/>
</testsuite> <!-- pratice.AmazonCssSelector -->
