<?xml version="1.0" encoding="UTF-8"?>
<!-- Generated by org.testng.reporters.JUnitReportReporter -->
<testsuite hostname="TYSS-Shobha" failures="0" tests="3" name="TestNG.Sample" time="0.013" errors="0" timestamp="2023-11-23T07:45:34 IST" skipped="0">
  <testcase classname="TestNG.Sample" name="deleteContact" time="0.002"/>
  <testcase classname="TestNG.Sample" name="createContact" time="0.011"/>
  <testcase classname="TestNG.Sample" name="modifyContact" time="0.000"/>
</testsuite> <!-- TestNG.Sample -->
