<?xml version="1.0" encoding="UTF-8"?>
<!-- Generated by org.testng.reporters.JUnitReportReporter -->
<testsuite hostname="TYSS-Shobha" failures="0" tests="1" name="TestNG.Demo" time="0.009" errors="0" timestamp="2023-11-22T08:45:56 IST" skipped="0">
  <testcase classname="TestNG.Demo" name="m1" time="0.009"/>
  <system-out/>
</testsuite> <!-- TestNG.Demo -->
