<?xml version="1.0" encoding="UTF-8"?>
<!-- Generated by org.testng.reporters.JUnitReportReporter -->
<testsuite hostname="TYSS-Shobha" failures="0" tests="1" name="TestNG.ScreenShotEx" time="7.860" errors="0" timestamp="2023-11-24T08:22:48 IST" skipped="0">
  <testcase classname="TestNG.ScreenShotEx" name="screen" time="7.860"/>
</testsuite> <!-- TestNG.ScreenShotEx -->
